May 06, 2018 1:26:31 AM org.apache.catalina.core.StandardContext filterStart
SEVERE: Exception starting filter SolrRequestFilter
java.lang.NoClassDefFoundError: Failed to initialize Apache Solr: Could not find necessary SLF4j logging jars. If using Jetty, the SLF4j logging jars need to go in the jetty lib/ext directory. For other containers, the corresponding directory should be used. For more information, see: http://wiki.apache.org/solr/SolrLogging
	at org.apache.solr.servlet.CheckLoggingConfiguration.check(CheckLoggingConfiguration.java:28)
	at org.apache.solr.servlet.BaseSolrFilter.<clinit>(BaseSolrFilter.java:31)
	at sun.reflect.NativeConstructorAccessorImpl.newInstance0(Native Method)
	at sun.reflect.NativeConstructorAccessorImpl.newInstance(NativeConstructorAccessorImpl.java:62)
	at sun.reflect.DelegatingConstructorAccessorImpl.newInstance(DelegatingConstructorAccessorImpl.java:45)
	at java.lang.reflect.Constructor.newInstance(Constructor.java:423)
	at org.apache.catalina.core.DefaultInstanceManager.newInstance(DefaultInstanceManager.java:149)
	at org.apache.catalina.core.ApplicationFilterConfig.getFilter(ApplicationFilterConfig.java:264)
	at org.apache.catalina.core.ApplicationFilterConfig.<init>(ApplicationFilterConfig.java:108)
	at org.apache.catalina.core.StandardContext.filterStart(StandardContext.java:4981)
	at org.apache.catalina.core.StandardContext.startInternal(StandardContext.java:5683)
	at org.apache.catalina.util.LifecycleBase.start(LifecycleBase.java:145)
	at org.apache.catalina.core.ContainerBase.addChildInternal(ContainerBase.java:1017)
	at org.apache.catalina.core.ContainerBase.addChild(ContainerBase.java:993)
	at org.apache.catalina.core.StandardHost.addChild(StandardHost.java:652)
	at org.apache.catalina.startup.HostConfig.deployWAR(HostConfig.java:1127)
	at org.apache.catalina.startup.HostConfig$DeployWar.run(HostConfig.java:2020)
	at java.util.concurrent.Executors$RunnableAdapter.call(Executors.java:511)
	at java.util.concurrent.FutureTask.run(FutureTask.java:266)
	at java.util.concurrent.ThreadPoolExecutor.runWorker(ThreadPoolExecutor.java:1149)
	at java.util.concurrent.ThreadPoolExecutor$Worker.run(ThreadPoolExecutor.java:624)
	at java.lang.Thread.run(Thread.java:748)

May 06, 2018 1:26:31 AM org.apache.catalina.core.ApplicationContext log
INFO: ContextListener: contextInitialized()
May 06, 2018 1:26:31 AM org.apache.catalina.core.ApplicationContext log
INFO: SessionListener: contextInitialized()
May 06, 2018 1:26:31 AM org.apache.catalina.core.ApplicationContext log
INFO: ContextListener: attributeAdded('StockTicker', 'async.Stockticker@767fdf23')
May 06, 2018 1:26:31 AM org.apache.catalina.core.ApplicationContext log
INFO: ContextListener: attributeAdded('org.apache.jasper.compiler.TldLocationsCache', 'org.apache.jasper.compiler.TldLocationsCache@2973cfd4')
May 06, 2018 1:26:32 AM org.apache.catalina.core.ApplicationContext log
INFO: SessionListener: contextDestroyed()
May 06, 2018 1:26:32 AM org.apache.catalina.core.ApplicationContext log
INFO: ContextListener: contextDestroyed()
May 06, 2018 1:36:55 AM org.apache.catalina.core.ApplicationContext log
INFO: ContextListener: contextInitialized()
May 06, 2018 1:36:55 AM org.apache.catalina.core.ApplicationContext log
INFO: SessionListener: contextInitialized()
May 06, 2018 1:36:55 AM org.apache.catalina.core.ApplicationContext log
INFO: ContextListener: attributeAdded('StockTicker', 'async.Stockticker@68eaeed5')
May 06, 2018 1:36:55 AM org.apache.catalina.core.ApplicationContext log
INFO: ContextListener: attributeAdded('org.apache.jasper.compiler.TldLocationsCache', 'org.apache.jasper.compiler.TldLocationsCache@1d81db3a')
May 06, 2018 1:40:40 AM org.apache.catalina.core.ApplicationContext log
INFO: SessionListener: contextDestroyed()
May 06, 2018 1:40:40 AM org.apache.catalina.core.ApplicationContext log
INFO: ContextListener: contextDestroyed()
May 06, 2018 1:43:21 AM org.apache.catalina.core.ApplicationContext log
INFO: ContextListener: contextInitialized()
May 06, 2018 1:43:21 AM org.apache.catalina.core.ApplicationContext log
INFO: SessionListener: contextInitialized()
May 06, 2018 1:43:21 AM org.apache.catalina.core.ApplicationContext log
INFO: ContextListener: attributeAdded('StockTicker', 'async.Stockticker@68eaeed5')
May 06, 2018 1:43:21 AM org.apache.catalina.core.ApplicationContext log
INFO: ContextListener: attributeAdded('org.apache.jasper.compiler.TldLocationsCache', 'org.apache.jasper.compiler.TldLocationsCache@1d81db3a')
May 06, 2018 1:44:26 AM org.apache.catalina.core.ApplicationContext log
INFO: SessionListener: contextDestroyed()
May 06, 2018 1:44:26 AM org.apache.catalina.core.ApplicationContext log
INFO: ContextListener: contextDestroyed()
May 06, 2018 1:44:30 AM org.apache.catalina.core.ApplicationContext log
INFO: ContextListener: contextInitialized()
May 06, 2018 1:44:30 AM org.apache.catalina.core.ApplicationContext log
INFO: SessionListener: contextInitialized()
May 06, 2018 1:44:30 AM org.apache.catalina.core.ApplicationContext log
INFO: ContextListener: attributeAdded('StockTicker', 'async.Stockticker@68eaeed5')
May 06, 2018 1:44:30 AM org.apache.catalina.core.ApplicationContext log
INFO: ContextListener: attributeAdded('org.apache.jasper.compiler.TldLocationsCache', 'org.apache.jasper.compiler.TldLocationsCache@1d81db3a')
May 06, 2018 1:44:45 AM org.apache.catalina.core.ApplicationContext log
INFO: SessionListener: contextDestroyed()
May 06, 2018 1:44:45 AM org.apache.catalina.core.ApplicationContext log
INFO: ContextListener: contextDestroyed()
May 06, 2018 1:45:40 AM org.apache.catalina.core.ApplicationContext log
INFO: ContextListener: contextInitialized()
May 06, 2018 1:45:40 AM org.apache.catalina.core.ApplicationContext log
INFO: SessionListener: contextInitialized()
May 06, 2018 1:45:40 AM org.apache.catalina.core.ApplicationContext log
INFO: ContextListener: attributeAdded('StockTicker', 'async.Stockticker@68eaeed5')
May 06, 2018 1:45:40 AM org.apache.catalina.core.ApplicationContext log
INFO: ContextListener: attributeAdded('org.apache.jasper.compiler.TldLocationsCache', 'org.apache.jasper.compiler.TldLocationsCache@1d81db3a')
May 06, 2018 1:46:11 AM org.apache.catalina.core.ApplicationContext log
INFO: SessionListener: contextDestroyed()
May 06, 2018 1:46:11 AM org.apache.catalina.core.ApplicationContext log
INFO: ContextListener: contextDestroyed()
May 06, 2018 1:46:15 AM org.apache.catalina.core.ApplicationContext log
INFO: ContextListener: contextInitialized()
May 06, 2018 1:46:15 AM org.apache.catalina.core.ApplicationContext log
INFO: SessionListener: contextInitialized()
May 06, 2018 1:46:15 AM org.apache.catalina.core.ApplicationContext log
INFO: ContextListener: attributeAdded('StockTicker', 'async.Stockticker@68eaeed5')
May 06, 2018 1:46:15 AM org.apache.catalina.core.ApplicationContext log
INFO: ContextListener: attributeAdded('org.apache.jasper.compiler.TldLocationsCache', 'org.apache.jasper.compiler.TldLocationsCache@1d81db3a')
May 06, 2018 1:52:56 AM org.apache.catalina.core.ApplicationContext log
INFO: SessionListener: contextDestroyed()
May 06, 2018 1:52:56 AM org.apache.catalina.core.ApplicationContext log
INFO: ContextListener: contextDestroyed()
May 06, 2018 1:53:00 AM org.apache.catalina.core.ApplicationContext log
INFO: ContextListener: contextInitialized()
May 06, 2018 1:53:00 AM org.apache.catalina.core.ApplicationContext log
INFO: SessionListener: contextInitialized()
May 06, 2018 1:53:00 AM org.apache.catalina.core.ApplicationContext log
INFO: ContextListener: attributeAdded('StockTicker', 'async.Stockticker@68eaeed5')
May 06, 2018 1:53:00 AM org.apache.catalina.core.ApplicationContext log
INFO: ContextListener: attributeAdded('org.apache.jasper.compiler.TldLocationsCache', 'org.apache.jasper.compiler.TldLocationsCache@1d81db3a')
May 06, 2018 1:53:45 AM org.apache.catalina.core.ApplicationContext log
INFO: SessionListener: contextDestroyed()
May 06, 2018 1:53:45 AM org.apache.catalina.core.ApplicationContext log
INFO: ContextListener: contextDestroyed()
May 06, 2018 1:53:49 AM org.apache.catalina.core.ApplicationContext log
INFO: ContextListener: contextInitialized()
May 06, 2018 1:53:49 AM org.apache.catalina.core.ApplicationContext log
INFO: SessionListener: contextInitialized()
May 06, 2018 1:53:49 AM org.apache.catalina.core.ApplicationContext log
INFO: ContextListener: attributeAdded('StockTicker', 'async.Stockticker@68eaeed5')
May 06, 2018 1:53:49 AM org.apache.catalina.core.ApplicationContext log
INFO: ContextListener: attributeAdded('org.apache.jasper.compiler.TldLocationsCache', 'org.apache.jasper.compiler.TldLocationsCache@1d81db3a')
May 06, 2018 1:55:13 AM org.apache.catalina.core.ApplicationContext log
INFO: SessionListener: contextDestroyed()
May 06, 2018 1:55:13 AM org.apache.catalina.core.ApplicationContext log
INFO: ContextListener: contextDestroyed()
May 06, 2018 1:55:17 AM org.apache.catalina.core.ApplicationContext log
INFO: ContextListener: contextInitialized()
May 06, 2018 1:55:17 AM org.apache.catalina.core.ApplicationContext log
INFO: SessionListener: contextInitialized()
May 06, 2018 1:55:17 AM org.apache.catalina.core.ApplicationContext log
INFO: ContextListener: attributeAdded('StockTicker', 'async.Stockticker@68eaeed5')
May 06, 2018 1:55:17 AM org.apache.catalina.core.ApplicationContext log
INFO: ContextListener: attributeAdded('org.apache.jasper.compiler.TldLocationsCache', 'org.apache.jasper.compiler.TldLocationsCache@1d81db3a')
May 06, 2018 1:56:11 AM org.apache.catalina.core.ApplicationContext log
INFO: SessionListener: contextDestroyed()
May 06, 2018 1:56:11 AM org.apache.catalina.core.ApplicationContext log
INFO: ContextListener: contextDestroyed()
May 06, 2018 1:56:16 AM org.apache.catalina.core.ApplicationContext log
INFO: ContextListener: contextInitialized()
May 06, 2018 1:56:16 AM org.apache.catalina.core.ApplicationContext log
INFO: SessionListener: contextInitialized()
May 06, 2018 1:56:16 AM org.apache.catalina.core.ApplicationContext log
INFO: ContextListener: attributeAdded('StockTicker', 'async.Stockticker@68eaeed5')
May 06, 2018 1:56:16 AM org.apache.catalina.core.ApplicationContext log
INFO: ContextListener: attributeAdded('org.apache.jasper.compiler.TldLocationsCache', 'org.apache.jasper.compiler.TldLocationsCache@1d81db3a')
May 06, 2018 1:58:02 AM org.apache.catalina.core.ApplicationContext log
INFO: SessionListener: contextDestroyed()
May 06, 2018 1:58:02 AM org.apache.catalina.core.ApplicationContext log
INFO: ContextListener: contextDestroyed()
May 06, 2018 1:58:06 AM org.apache.catalina.core.ApplicationContext log
INFO: ContextListener: contextInitialized()
May 06, 2018 1:58:06 AM org.apache.catalina.core.ApplicationContext log
INFO: SessionListener: contextInitialized()
May 06, 2018 1:58:06 AM org.apache.catalina.core.ApplicationContext log
INFO: ContextListener: attributeAdded('StockTicker', 'async.Stockticker@68eaeed5')
May 06, 2018 1:58:06 AM org.apache.catalina.core.ApplicationContext log
INFO: ContextListener: attributeAdded('org.apache.jasper.compiler.TldLocationsCache', 'org.apache.jasper.compiler.TldLocationsCache@1d81db3a')
May 06, 2018 2:00:10 AM org.apache.catalina.core.ApplicationContext log
INFO: ContextListener: contextInitialized()
May 06, 2018 2:00:10 AM org.apache.catalina.core.ApplicationContext log
INFO: SessionListener: contextInitialized()
May 06, 2018 2:00:10 AM org.apache.catalina.core.ApplicationContext log
INFO: ContextListener: attributeAdded('StockTicker', 'async.Stockticker@2702d73')
May 06, 2018 2:00:10 AM org.apache.catalina.core.ApplicationContext log
INFO: ContextListener: attributeAdded('org.apache.jasper.compiler.TldLocationsCache', 'org.apache.jasper.compiler.TldLocationsCache@370adbd1')
May 06, 2018 2:00:15 AM org.apache.catalina.core.ApplicationContext log
INFO: SessionListener: contextDestroyed()
May 06, 2018 2:00:15 AM org.apache.catalina.core.ApplicationContext log
INFO: ContextListener: contextDestroyed()
May 06, 2018 2:03:40 AM org.apache.catalina.core.ApplicationContext log
INFO: SessionListener: contextDestroyed()
May 06, 2018 2:03:40 AM org.apache.catalina.core.ApplicationContext log
INFO: ContextListener: contextDestroyed()
May 06, 2018 2:03:45 AM org.apache.catalina.core.ApplicationContext log
INFO: ContextListener: contextInitialized()
May 06, 2018 2:03:45 AM org.apache.catalina.core.ApplicationContext log
INFO: SessionListener: contextInitialized()
May 06, 2018 2:03:45 AM org.apache.catalina.core.ApplicationContext log
INFO: ContextListener: attributeAdded('StockTicker', 'async.Stockticker@68eaeed5')
May 06, 2018 2:03:45 AM org.apache.catalina.core.ApplicationContext log
INFO: ContextListener: attributeAdded('org.apache.jasper.compiler.TldLocationsCache', 'org.apache.jasper.compiler.TldLocationsCache@1d81db3a')
May 06, 2018 1:15:43 PM org.apache.catalina.core.ApplicationContext log
INFO: SessionListener: contextDestroyed()
May 06, 2018 1:15:43 PM org.apache.catalina.core.ApplicationContext log
INFO: ContextListener: contextDestroyed()
May 06, 2018 1:15:48 PM org.apache.catalina.core.ApplicationContext log
INFO: ContextListener: contextInitialized()
May 06, 2018 1:15:48 PM org.apache.catalina.core.ApplicationContext log
INFO: SessionListener: contextInitialized()
May 06, 2018 1:15:48 PM org.apache.catalina.core.ApplicationContext log
INFO: ContextListener: attributeAdded('StockTicker', 'async.Stockticker@68eaeed5')
May 06, 2018 1:15:48 PM org.apache.catalina.core.ApplicationContext log
INFO: ContextListener: attributeAdded('org.apache.jasper.compiler.TldLocationsCache', 'org.apache.jasper.compiler.TldLocationsCache@1d81db3a')
May 06, 2018 1:20:00 PM org.apache.catalina.core.ApplicationContext log
INFO: SessionListener: contextDestroyed()
May 06, 2018 1:20:00 PM org.apache.catalina.core.ApplicationContext log
INFO: ContextListener: contextDestroyed()
May 06, 2018 1:20:05 PM org.apache.catalina.core.ApplicationContext log
INFO: ContextListener: contextInitialized()
May 06, 2018 1:20:05 PM org.apache.catalina.core.ApplicationContext log
INFO: SessionListener: contextInitialized()
May 06, 2018 1:20:05 PM org.apache.catalina.core.ApplicationContext log
INFO: ContextListener: attributeAdded('StockTicker', 'async.Stockticker@68eaeed5')
May 06, 2018 1:20:05 PM org.apache.catalina.core.ApplicationContext log
INFO: ContextListener: attributeAdded('org.apache.jasper.compiler.TldLocationsCache', 'org.apache.jasper.compiler.TldLocationsCache@1d81db3a')
May 06, 2018 1:23:16 PM org.apache.catalina.core.ApplicationContext log
INFO: SessionListener: contextDestroyed()
May 06, 2018 1:23:16 PM org.apache.catalina.core.ApplicationContext log
INFO: ContextListener: contextDestroyed()
May 06, 2018 1:23:21 PM org.apache.catalina.core.ApplicationContext log
INFO: ContextListener: contextInitialized()
May 06, 2018 1:23:21 PM org.apache.catalina.core.ApplicationContext log
INFO: SessionListener: contextInitialized()
May 06, 2018 1:23:21 PM org.apache.catalina.core.ApplicationContext log
INFO: ContextListener: attributeAdded('StockTicker', 'async.Stockticker@68eaeed5')
May 06, 2018 1:23:21 PM org.apache.catalina.core.ApplicationContext log
INFO: ContextListener: attributeAdded('org.apache.jasper.compiler.TldLocationsCache', 'org.apache.jasper.compiler.TldLocationsCache@1d81db3a')
